<?xml version="1.0" encoding="UTF-8"?>
<robot generator="Robot 3.2.2 (Python 3.9.0 on win32)" generated="20201126 01:11:43.517" rpa="false">
<suite id="s1" name="TC 003 BDD" source="C:\Users\SHANMUGAVEL R\PycharmProjects\RobotAutomation\Testcases\Login_TC\TC_003_BDD.robot">
<test id="s1-t1" name="Testcase in BDD format">
<kw name="Given Start Browser and Maximize" library="resources1">
<kw name="Open Browser" library="SeleniumLibrary">
<doc>Opens a new browser instance to the optional ``url``.</doc>
<arguments>
<arg>http://www.thetestingworld.com/testings</arg>
<arg>Chrome</arg>
</arguments>
<msg timestamp="20201126 01:11:43.657" level="INFO">Opening browser 'Chrome' to base url 'http://www.thetestingworld.com/testings'.</msg>
<status status="PASS" starttime="20201126 01:11:43.657" endtime="20201126 01:11:53.493"></status>
</kw>
<kw name="Maximize Browser Window" library="SeleniumLibrary">
<doc>Maximizes current browser window.</doc>
<status status="PASS" starttime="20201126 01:11:53.493" endtime="20201126 01:11:55.640"></status>
</kw>
<status status="PASS" starttime="20201126 01:11:43.649" endtime="20201126 01:11:55.640"></status>
</kw>
<kw name="When Create Folder at runtime" library="resources1">
<arguments>
<arg>ABCD</arg>
<arg>XYZA</arg>
</arguments>
<kw name="Create Folder" library="userkeyword">
<arguments>
<arg>${foldername}</arg>
</arguments>
<status status="PASS" starttime="20201126 01:11:55.640" endtime="20201126 01:11:55.640"></status>
</kw>
<kw name="Create Sub Folder" library="userkeyword">
<arguments>
<arg>${subfoldername}</arg>
</arguments>
<status status="PASS" starttime="20201126 01:11:55.640" endtime="20201126 01:11:55.640"></status>
</kw>
<kw name="Log" library="BuiltIn">
<doc>Logs the given message with the given level.</doc>
<arguments>
<arg>"Task Done successfully"</arg>
</arguments>
<msg timestamp="20201126 01:11:55.640" level="INFO">"Task Done successfully"</msg>
<status status="PASS" starttime="20201126 01:11:55.640" endtime="20201126 01:11:55.640"></status>
</kw>
<status status="PASS" starttime="20201126 01:11:55.640" endtime="20201126 01:11:55.640"></status>
</kw>
<kw name="Then concatenate Username and Password" library="resources1">
<arguments>
<arg>Testing</arg>
<arg>World</arg>
</arguments>
<kw name="Concatenate Two Values" library="userkeyword">
<arguments>
<arg>${Username}</arg>
<arg>${Password}</arg>
</arguments>
<assign>
<var>${result}</var>
</assign>
<msg timestamp="20201126 01:11:55.648" level="INFO">${result} = Testing World</msg>
<status status="PASS" starttime="20201126 01:11:55.648" endtime="20201126 01:11:55.648"></status>
</kw>
<kw name="Log" library="BuiltIn">
<doc>Logs the given message with the given level.</doc>
<arguments>
<arg>${result}</arg>
</arguments>
<msg timestamp="20201126 01:11:55.648" level="INFO">Testing World</msg>
<status status="PASS" starttime="20201126 01:11:55.648" endtime="20201126 01:11:55.648"></status>
</kw>
<status status="PASS" starttime="20201126 01:11:55.648" endtime="20201126 01:11:55.648"></status>
</kw>
<status status="PASS" starttime="20201126 01:11:43.649" endtime="20201126 01:11:55.648" critical="yes"></status>
</test>
<status status="PASS" starttime="20201126 01:11:43.517" endtime="20201126 01:11:55.648"></status>
</suite>
<statistics>
<total>
<stat pass="1" fail="0">Critical Tests</stat>
<stat pass="1" fail="0">All Tests</stat>
</total>
<tag>
</tag>
<suite>
<stat pass="1" fail="0" id="s1" name="TC 003 BDD">TC 003 BDD</stat>
</suite>
</statistics>
<errors>
</errors>
</robot>
